0001_0247_0235_0117_0117.jpg 1 247 235 117 117
0002_0252_0045_0165_0165.jpg 1 252 45 165 165
0003_0097_0322_0137_0137.jpg 1 97 322 137 137
0004_0109_0355_0051_0051.jpg 1 109 355 51 51
0005_0126_0144_0310_0310.jpg 1 126 144 310 310
0006_0274_0205_0182_0182.jpg 1 274 205 182 182
0007_0180_0033_0232_0232.jpg 1 180 33 232 232
0008_0103_0030_0255_0255.jpg 1 103 30 255 255
0009_0058_0046_0314_0314.jpg 1 58 46 314 314
0010_0072_0106_0153_0153.jpg 1 72 106 153 153
0011_0055_0237_0143_0143.jpg 1 55 237 143 143
0012_0064_0250_0215_0215.jpg 1 64 250 215 215
0013_0066_0036_0278_0278.jpg 1 66 36 278 278
0014_0202_0082_0244_0244.jpg 1 202 82 244 244
0015_0191_0214_0124_0124.jpg 1 191 214 124 124
0016_0054_0158_0055_0055.jpg 1 54 158 55 55
0017_0093_0067_0347_0347.jpg 1 93 67 347 347
0018_0347_0047_0108_0108.jpg 1 347 47 108 108
0019_0261_0054_0076_0076.jpg 1 261 54 76 76
0020_0222_0068_0228_0228.jpg 1 222 68 228 228
0021_0052_0271_0118_0118.jpg 1 52 271 118 118
0022_0175_0119_0233_0233.jpg 1 175 119 233 233
0023_0301_0176_0158_0158.jpg 1 301 176 158 158
0024_0158_0124_0322_0322.jpg 1 158 124 322 322
0025_0364_0211_0068_0068.jpg 1 364 211 68 68
0026_0079_0155_0251_0251.jpg 1 79 155 251 251
0027_0036_0147_0241_0241.jpg 1 36 147 241 241
0028_0038_0154_0198_0198.jpg 1 38 154 198 198
0029_0045_0117_0170_0170.jpg 1 45 117 170 170
0030_0106_0351_0060_0060.jpg 1 106 351 60 60
0031_0033_0156_0234_0234.jpg 1 33 156 234 234
0032_0125_0171_0288_0288.jpg 1 125 171 288 288
0033_0077_0153_0234_0234.jpg 1 77 153 234 234
0034_0249_0241_0186_0186.jpg 1 249 241 186 186
0035_0054_0337_0089_0089.jpg 1 54 337 89 89
0036_0042_0046_0226_0226.jpg 1 42 46 226 226
0037_0104_0211_0080_0080.jpg 1 104 211 80 80
0038_0154_0215_0198_0198.jpg 1 154 215 198 198
0039_0086_0132_0333_0333.jpg 1 86 132 333 333
0040_0132_0075_0226_0226.jpg 1 132 75 226 226
0041_0195_0251_0169_0169.jpg 1 195 251 169 169
0042_0092_0132_0338_0338.jpg 1 92 132 338 338
0043_0165_0099_0053_0053.jpg 1 165 99 53 53
0044_0074_0042_0300_0300.jpg 1 74 42 300 300
0045_0046_0065_0337_0337.jpg 1 46 65 337 337
0046_0183_0170_0205_0205.jpg 1 183 170 205 205
0047_0169_0170_0102_0102.jpg 1 169 170 102 102
0048_0150_0123_0289_0289.jpg 1 150 123 289 289
0049_0096_0108_0307_0307.jpg 1 96 108 307 307
0050_0131_0262_0089_0089.jpg 1 131 262 89 89
0051_0044_0165_0205_0205.jpg 1 44 165 205 205
0052_0172_0128_0285_0285.jpg 1 172 128 285 285
0053_0044_0318_0121_0121.jpg 1 44 318 121 121
0054_0063_0086_0245_0245.jpg 1 63 86 245 245
0055_0037_0138_0277_0277.jpg 1 37 138 277 277
0056_0033_0146_0336_0336.jpg 1 33 146 336 336
0057_0184_0227_0123_0123.jpg 1 184 227 123 123
0058_0059_0189_0211_0211.jpg 1 59 189 211 211
0059_0259_0213_0125_0125.jpg 1 259 213 125 125
0060_0025_0067_0348_0348.jpg 1 25 67 348 348
0061_0282_0312_0102_0102.jpg 1 282 312 102 102
0062_0074_0055_0348_0348.jpg 1 74 55 348 348
0063_0279_0111_0114_0114.jpg 1 279 111 114 114
0064_0221_0192_0150_0150.jpg 1 221 192 150 150
0065_0160_0184_0162_0162.jpg 1 160 184 162 162
0066_0208_0131_0219_0219.jpg 1 208 131 219 219
0067_0216_0135_0239_0239.jpg 1 216 135 239 239
0068_0117_0172_0266_0266.jpg 1 117 172 266 266
0069_0200_0167_0215_0215.jpg 1 200 167 215 215
0070_0086_0216_0155_0155.jpg 1 86 216 155 155
0071_0089_0038_0253_0253.jpg 1 89 38 253 253
0072_0259_0212_0155_0155.jpg 1 259 212 155 155
0073_0069_0094_0211_0211.jpg 1 69 94 211 211
0074_0205_0109_0146_0146.jpg 1 205 109 146 146
0075_0203_0056_0179_0179.jpg 1 203 56 179 179
0076_0020_0154_0311_0311.jpg 1 20 154 311 311
0077_0202_0139_0205_0205.jpg 1 202 139 205 205
0078_0184_0077_0054_0054.jpg 1 184 77 54 54
0079_0124_0147_0304_0304.jpg 1 124 147 304 304
0080_0209_0190_0105_0105.jpg 1 209 190 105 105
0081_0112_0096_0347_0347.jpg 1 112 96 347 347
0082_0190_0222_0178_0178.jpg 1 190 222 178 178
0083_0224_0163_0214_0214.jpg 1 224 163 214 214
0084_0311_0174_0124_0124.jpg 1 311 174 124 124
0085_0112_0222_0166_0166.jpg 1 112 222 166 166
0086_0349_0152_0081_0081.jpg 1 349 152 81 81
0087_0041_0027_0343_0343.jpg 1 41 27 343 343
0088_0023_0032_0349_0349.jpg 1 23 32 349 349
0089_0128_0327_0129_0129.jpg 1 128 327 129 129
0090_0207_0180_0147_0147.jpg 1 207 180 147 147
0091_0066_0065_0267_0267.jpg 1 66 65 267 267
0092_0033_0076_0343_0343.jpg 1 33 76 343 343
0093_0115_0037_0275_0275.jpg 1 115 37 275 275
0094_0131_0260_0099_0099.jpg 1 131 260 99 99
0095_0104_0319_0141_0141.jpg 1 104 319 141 141
0096_0032_0041_0319_0319.jpg 1 32 41 319 319
0097_0174_0356_0074_0074.jpg 1 174 356 74 74
0098_0078_0152_0182_0182.jpg 1 78 152 182 182
0099_0130_0019_0338_0338.jpg 1 130 19 338 338
0100_0132_0133_0130_0130.jpg 1 132 133 130 130
0101_0075_0121_0203_0203.jpg 1 75 121 203 203
0102_0107_0061_0228_0228.jpg 1 107 61 228 228
0103_0178_0337_0092_0092.jpg 1 178 337 92 92
0104_0218_0034_0168_0168.jpg 1 218 34 168 168
0105_0193_0247_0077_0077.jpg 1 193 247 77 77
0106_0095_0122_0326_0326.jpg 1 95 122 326 326
0107_0080_0295_0111_0111.jpg 1 80 295 111 111
0108_0169_0236_0234_0234.jpg 1 169 236 234 234
0109_0075_0133_0339_0339.jpg 1 75 133 339 339
0110_0086_0075_0306_0306.jpg 1 86 75 306 306
0111_0053_0204_0204_0204.jpg 1 53 204 204 204
0112_0031_0160_0235_0235.jpg 1 31 160 235 235
0113_0202_0092_0113_0113.jpg 1 202 92 113 113
0114_0252_0154_0159_0159.jpg 1 252 154 159 159
0115_0238_0178_0059_0059.jpg 1 238 178 59 59
0116_0081_0199_0089_0089.jpg 1 81 199 89 89
0117_0161_0060_0319_0319.jpg 1 161 60 319 319
0118_0228_0099_0106_0106.jpg 1 228 99 106 106
0119_0105_0175_0257_0257.jpg 1 105 175 257 257
0120_0114_0082_0281_0281.jpg 1 114 82 281 281
0121_0111_0057_0335_0335.jpg 1 111 57 335 335
0122_0228_0046_0245_0245.jpg 1 228 46 245 245
0123_0136_0133_0254_0254.jpg 1 136 133 254 254
0124_0346_0096_0102_0102.jpg 1 346 96 102 102
0125_0141_0285_0155_0155.jpg 1 141 285 155 155
0126_0086_0047_0327_0327.jpg 1 86 47 327 327
0127_0074_0107_0339_0339.jpg 1 74 107 339 339
0128_0055_0037_0305_0305.jpg 1 55 37 305 305
0129_0109_0060_0343_0343.jpg 1 109 60 343 343
0130_0127_0117_0328_0328.jpg 1 127 117 328 328
0131_0269_0257_0176_0176.jpg 1 269 257 176 176
0132_0174_0099_0090_0090.jpg 1 174 99 90 90
0133_0168_0068_0254_0254.jpg 1 168 68 254 254
0134_0200_0137_0082_0082.jpg 1 200 137 82 82
0135_0122_0187_0261_0261.jpg 1 122 187 261 261
0136_0181_0230_0099_0099.jpg 1 181 230 99 99
0137_0061_0076_0284_0284.jpg 1 61 76 284 284
0138_0186_0145_0284_0284.jpg 1 186 145 284 284
0139_0151_0185_0287_0287.jpg 1 151 185 287 287
0140_0028_0158_0254_0254.jpg 1 28 158 254 254
0141_0066_0205_0248_0248.jpg 1 66 205 248 248
0142_0118_0109_0336_0336.jpg 1 118 109 336 336
0143_0322_0318_0054_0054.jpg 1 322 318 54 54
0144_0160_0155_0261_0261.jpg 1 160 155 261 261
0145_0145_0317_0092_0092.jpg 1 145 317 92 92
0146_0206_0128_0240_0240.jpg 1 206 128 240 240
0147_0355_0295_0084_0084.jpg 1 355 295 84 84
0148_0182_0369_0057_0057.jpg 1 182 369 57 57
0149_0105_0188_0076_0076.jpg 1 105 188 76 76
0150_0105_0275_0185_0185.jpg 1 105 275 185 185
0151_0024_0119_0320_0320.jpg 1 24 119 320 320
0152_0094_0266_0054_0054.jpg 1 94 266 54 54
0153_0176_0159_0179_0179.jpg 1 176 159 179 179
0154_0240_0278_0050_0050.jpg 1 240 278 50 50
0155_0110_0060_0319_0319.jpg 1 110 60 319 319
0156_0113_0032_0233_0233.jpg 1 113 32 233 233
0157_0193_0110_0273_0273.jpg 1 193 110 273 273
0158_0091_0110_0283_0283.jpg 1 91 110 283 283
0159_0195_0177_0206_0206.jpg 1 195 177 206 206
0160_0099_0169_0289_0289.jpg 1 99 169 289 289
0161_0263_0224_0099_0099.jpg 1 263 224 99 99
0162_0045_0192_0256_0256.jpg 1 45 192 256 256
0163_0229_0125_0235_0235.jpg 1 229 125 235 235
0164_0124_0044_0309_0309.jpg 1 124 44 309 309
0165_0164_0174_0222_0222.jpg 1 164 174 222 222
0166_0068_0100_0297_0297.jpg 1 68 100 297 297
0167_0167_0053_0072_0072.jpg 1 167 53 72 72
0168_0045_0200_0225_0225.jpg 1 45 200 225 225
0169_0095_0167_0116_0116.jpg 1 95 167 116 116
0170_0240_0333_0111_0111.jpg 1 240 333 111 111
0171_0157_0126_0273_0273.jpg 1 157 126 273 273
0172_0179_0209_0168_0168.jpg 1 179 209 168 168
0173_0044_0088_0230_0230.jpg 1 44 88 230 230
0174_0208_0295_0122_0122.jpg 1 208 295 122 122
0175_0102_0240_0168_0168.jpg 1 102 240 168 168
0176_0290_0219_0176_0176.jpg 1 290 219 176 176
0177_0122_0063_0238_0238.jpg 1 122 63 238 238
0178_0324_0356_0054_0054.jpg 1 324 356 54 54
0179_0175_0051_0205_0205.jpg 1 175 51 205 205
0180_0159_0060_0265_0265.jpg 1 159 60 265 265
0181_0151_0325_0072_0072.jpg 1 151 325 72 72
0182_0172_0122_0235_0235.jpg 1 172 122 235 235
0183_0058_0103_0321_0321.jpg 1 58 103 321 321
0184_0037_0102_0191_0191.jpg 1 37 102 191 191
0185_0211_0151_0112_0112.jpg 1 211 151 112 112
0186_0030_0092_0316_0316.jpg 1 30 92 316 316
0187_0066_0143_0331_0331.jpg 1 66 143 331 331
0188_0130_0153_0261_0261.jpg 1 130 153 261 261
0189_0204_0095_0067_0067.jpg 1 204 95 67 67
0190_0121_0137_0344_0344.jpg 1 121 137 344 344
0191_0326_0093_0058_0058.jpg 1 326 93 58 58
0192_0317_0203_0052_0052.jpg 1 317 203 52 52
0193_0363_0094_0050_0050.jpg 1 363 94 50 50
0194_0218_0301_0145_0145.jpg 1 218 301 145 145
0195_0163_0236_0093_0093.jpg 1 163 236 93 93
0196_0165_0078_0130_0130.jpg 1 165 78 130 130
0197_0075_0204_0157_0157.jpg 1 75 204 157 157
0198_0060_0107_0251_0251.jpg 1 60 107 251 251
0199_0077_0072_0256_0256.jpg 1 77 72 256 256
0200_0151_0107_0060_0060.jpg 1 151 107 60 60
0201_0153_0067_0218_0218.jpg 1 153 67 218 218
0202_0033_0248_0218_0218.jpg 1 33 248 218 218
0203_0074_0072_0276_0276.jpg 1 74 72 276 276
0204_0174_0221_0208_0208.jpg 1 174 221 208 208
0205_0101_0198_0269_0269.jpg 1 101 198 269 269
0206_0105_0113_0163_0163.jpg 1 105 113 163 163
0207_0242_0045_0173_0173.jpg 1 242 45 173 173
0208_0267_0243_0180_0180.jpg 1 267 243 180 180
0209_0060_0076_0175_0175.jpg 1 60 76 175 175
0210_0098_0163_0265_0265.jpg 1 98 163 265 265
0211_0108_0217_0251_0251.jpg 1 108 217 251 251
0212_0082_0154_0321_0321.jpg 1 82 154 321 321
0213_0084_0287_0157_0157.jpg 1 84 287 157 157
0214_0210_0030_0245_0245.jpg 1 210 30 245 245
0215_0211_0179_0262_0262.jpg 1 211 179 262 262
0216_0059_0041_0161_0161.jpg 1 59 41 161 161
0217_0168_0109_0210_0210.jpg 1 168 109 210 210
0218_0202_0218_0173_0173.jpg 1 202 218 173 173
0219_0159_0291_0099_0099.jpg 1 159 291 99 99
0220_0064_0076_0236_0236.jpg 1 64 76 236 236
0221_0057_0111_0301_0301.jpg 1 57 111 301 301
0222_0076_0272_0142_0142.jpg 1 76 272 142 142
0223_0069_0058_0344_0344.jpg 1 69 58 344 344
0224_0195_0072_0176_0176.jpg 1 195 72 176 176
0225_0186_0185_0151_0151.jpg 1 186 185 151 151
0226_0107_0330_0122_0122.jpg 1 107 330 122 122
0227_0062_0267_0187_0187.jpg 1 62 267 187 187
0228_0106_0285_0169_0169.jpg 1 106 285 169 169
0229_0126_0095_0319_0319.jpg 1 126 95 319 319
0230_0220_0123_0115_0115.jpg 1 220 123 115 115
0231_0050_0075_0262_0262.jpg 1 50 75 262 262
0232_0240_0211_0105_0105.jpg 1 240 211 105 105
0233_0178_0239_0143_0143.jpg 1 178 239 143 143
0234_0060_0036_0174_0174.jpg 1 60 36 174 174
0235_0067_0184_0260_0260.jpg 1 67 184 260 260
0236_0041_0050_0234_0234.jpg 1 41 50 234 234
0237_0158_0049_0132_0132.jpg 1 158 49 132 132
0238_0035_0066_0274_0274.jpg 1 35 66 274 274
0239_0279_0070_0137_0137.jpg 1 279 70 137 137
0240_0206_0321_0111_0111.jpg 1 206 321 111 111
0241_0195_0102_0100_0100.jpg 1 195 102 100 100
0242_0123_0101_0333_0333.jpg 1 123 101 333 333
0243_0274_0155_0160_0160.jpg 1 274 155 160 160
0244_0043_0042_0269_0269.jpg 1 43 42 269 269
0245_0313_0352_0078_0078.jpg 1 313 352 78 78
0246_0064_0080_0293_0293.jpg 1 64 80 293 293
0247_0183_0144_0261_0261.jpg 1 183 144 261 261
0248_0144_0201_0075_0075.jpg 1 144 201 75 75
0249_0087_0248_0209_0209.jpg 1 87 248 209 209
0250_0128_0044_0322_0322.jpg 1 128 44 322 322
0251_0085_0191_0217_0217.jpg 1 85 191 217 217
0252_0052_0112_0325_0325.jpg 1 52 112 325 325
0253_0182_0147_0082_0082.jpg 1 182 147 82 82
0254_0055_0271_0179_0179.jpg 1 55 271 179 179
0255_0162_0092_0270_0270.jpg 1 162 92 270 270
0256_0044_0051_0301_0301.jpg 1 44 51 301 301
0257_0226_0047_0226_0226.jpg 1 226 47 226 226
0258_0068_0177_0222_0222.jpg 1 68 177 222 222
0259_0297_0382_0053_0053.jpg 1 297 382 53 53
0260_0120_0136_0331_0331.jpg 1 120 136 331 331
0261_0052_0091_0270_0270.jpg 1 52 91 270 270
0262_0126_0142_0170_0170.jpg 1 126 142 170 170
0263_0130_0120_0346_0346.jpg 1 130 120 346 346
0264_0057_0073_0165_0165.jpg 1 57 73 165 165
0265_0173_0239_0166_0166.jpg 1 173 239 166 166
0266_0176_0258_0050_0050.jpg 1 176 258 50 50
0267_0066_0062_0058_0058.jpg 1 66 62 58 58
0268_0108_0079_0229_0229.jpg 1 108 79 229 229
0269_0147_0086_0334_0334.jpg 1 147 86 334 334
0270_0238_0334_0062_0062.jpg 1 238 334 62 62
0271_0212_0131_0198_0198.jpg 1 212 131 198 198
0272_0098_0046_0277_0277.jpg 1 98 46 277 277
0273_0148_0206_0156_0156.jpg 1 148 206 156 156
0274_0159_0070_0269_0269.jpg 1 159 70 269 269
0275_0133_0141_0317_0317.jpg 1 133 141 317 317
0276_0233_0311_0085_0085.jpg 1 233 311 85 85
0277_0267_0046_0190_0190.jpg 1 267 46 190 190
0278_0284_0330_0104_0104.jpg 1 284 330 104 104
0279_0052_0052_0266_0266.jpg 1 52 52 266 266
0280_0156_0129_0140_0140.jpg 1 156 129 140 140
0281_0079_0117_0208_0208.jpg 1 79 117 208 208
0282_0091_0096_0166_0166.jpg 1 91 96 166 166
0283_0150_0100_0124_0124.jpg 1 150 100 124 124
0284_0248_0096_0184_0184.jpg 1 248 96 184 184
0285_0133_0199_0176_0176.jpg 1 133 199 176 176
0286_0260_0348_0110_0110.jpg 1 260 348 110 110
0287_0082_0163_0142_0142.jpg 1 82 163 142 142
0288_0128_0148_0070_0070.jpg 1 128 148 70 70
0289_0268_0084_0114_0114.jpg 1 268 84 114 114
0290_0278_0243_0109_0109.jpg 1 278 243 109 109
0291_0040_0198_0188_0188.jpg 1 40 198 188 188
0292_0193_0053_0256_0256.jpg 1 193 53 256 256
0293_0281_0172_0120_0120.jpg 1 281 172 120 120
0294_0073_0216_0052_0052.jpg 1 73 216 52 52
0295_0080_0077_0305_0305.jpg 1 80 77 305 305
0296_0132_0088_0345_0345.jpg 1 132 88 345 345
0297_0077_0032_0306_0306.jpg 1 77 32 306 306
0298_0086_0060_0309_0309.jpg 1 86 60 309 309
0299_0323_0395_0060_0060.jpg 1 323 395 60 60
0300_0218_0149_0065_0065.jpg 1 218 149 65 65
0301_0205_0171_0240_0240.jpg 1 205 171 240 240
0302_0146_0034_0256_0256.jpg 1 146 34 256 256
0303_0289_0294_0155_0155.jpg 1 289 294 155 155
0304_0167_0133_0261_0261.jpg 1 167 133 261 261
0305_0085_0234_0208_0208.jpg 1 85 234 208 208
0306_0260_0218_0059_0059.jpg 1 260 218 59 59
0307_0293_0101_0067_0067.jpg 1 293 101 67 67
0308_0031_0045_0285_0285.jpg 1 31 45 285 285
0309_0255_0177_0182_0182.jpg 1 255 177 182 182
0310_0119_0074_0273_0273.jpg 1 119 74 273 273
0311_0138_0185_0217_0217.jpg 1 138 185 217 217
0312_0241_0106_0170_0170.jpg 1 241 106 170 170
0313_0247_0248_0168_0168.jpg 1 247 248 168 168
0314_0258_0270_0161_0161.jpg 1 258 270 161 161
0315_0294_0150_0084_0084.jpg 1 294 150 84 84
0316_0181_0174_0293_0293.jpg 1 181 174 293 293
0317_0345_0228_0051_0051.jpg 1 345 228 51 51
0318_0050_0146_0219_0219.jpg 1 50 146 219 219
0319_0141_0042_0290_0290.jpg 1 141 42 290 290
0320_0075_0040_0173_0173.jpg 1 75 40 173 173
0321_0143_0084_0218_0218.jpg 1 143 84 218 218
0322_0133_0177_0172_0172.jpg 1 133 177 172 172
0323_0353_0069_0061_0061.jpg 1 353 69 61 61
0324_0190_0170_0218_0218.jpg 1 190 170 218 218
0325_0042_0090_0184_0184.jpg 1 42 90 184 184
0326_0065_0153_0309_0309.jpg 1 65 153 309 309
0327_0129_0148_0249_0249.jpg 1 129 148 249 249
0328_0046_0061_0218_0218.jpg 1 46 61 218 218
0329_0174_0103_0274_0274.jpg 1 174 103 274 274
0330_0364_0350_0071_0071.jpg 1 364 350 71 71
0331_0169_0065_0305_0305.jpg 1 169 65 305 305
0332_0278_0091_0187_0187.jpg 1 278 91 187 187
0333_0159_0206_0199_0199.jpg 1 159 206 199 199
0334_0094_0163_0196_0196.jpg 1 94 163 196 196
0335_0125_0128_0337_0337.jpg 1 125 128 337 337
0336_0053_0123_0231_0231.jpg 1 53 123 231 231
0337_0229_0235_0149_0149.jpg 1 229 235 149 149
0338_0038_0021_0317_0317.jpg 1 38 21 317 317
0339_0086_0105_0185_0185.jpg 1 86 105 185 185
0340_0041_0143_0298_0298.jpg 1 41 143 298 298
0341_0213_0045_0075_0075.jpg 1 213 45 75 75
0342_0138_0206_0149_0149.jpg 1 138 206 149 149
0343_0119_0213_0168_0168.jpg 1 119 213 168 168
0344_0029_0069_0237_0237.jpg 1 29 69 237 237
0345_0049_0079_0168_0168.jpg 1 49 79 168 168
0346_0028_0051_0324_0324.jpg 1 28 51 324 324
0347_0056_0137_0238_0238.jpg 1 56 137 238 238
0348_0213_0050_0165_0165.jpg 1 213 50 165 165
0349_0020_0119_0323_0323.jpg 1 20 119 323 323
0350_0233_0312_0111_0111.jpg 1 233 312 111 111
0351_0233_0042_0195_0195.jpg 1 233 42 195 195
0352_0021_0053_0324_0324.jpg 1 21 53 324 324
0353_0111_0132_0327_0327.jpg 1 111 132 327 327
0354_0150_0095_0209_0209.jpg 1 150 95 209 209
0355_0051_0050_0232_0232.jpg 1 51 50 232 232
0356_0031_0090_0299_0299.jpg 1 31 90 299 299
0357_0182_0085_0146_0146.jpg 1 182 85 146 146
0358_0054_0051_0065_0065.jpg 1 54 51 65 65
0359_0100_0088_0309_0309.jpg 1 100 88 309 309
0360_0182_0142_0204_0204.jpg 1 182 142 204 204
0361_0119_0090_0116_0116.jpg 1 119 90 116 116
0362_0045_0084_0280_0280.jpg 1 45 84 280 280
0363_0110_0097_0237_0237.jpg 1 110 97 237 237
0364_0132_0319_0116_0116.jpg 1 132 319 116 116
0365_0215_0042_0217_0217.jpg 1 215 42 217 217
0366_0077_0136_0246_0246.jpg 1 77 136 246 246
0367_0213_0176_0206_0206.jpg 1 213 176 206 206
0368_0201_0092_0153_0153.jpg 1 201 92 153 153
0369_0089_0147_0086_0086.jpg 1 89 147 86 86
0370_0103_0041_0176_0176.jpg 1 103 41 176 176
0371_0132_0072_0270_0270.jpg 1 132 72 270 270
0372_0136_0202_0103_0103.jpg 1 136 202 103 103
0373_0152_0087_0327_0327.jpg 1 152 87 327 327
0374_0198_0338_0118_0118.jpg 1 198 338 118 118
0375_0092_0135_0337_0337.jpg 1 92 135 337 337
0376_0182_0132_0258_0258.jpg 1 182 132 258 258
0377_0195_0154_0219_0219.jpg 1 195 154 219 219
0378_0152_0117_0309_0309.jpg 1 152 117 309 309
0379_0178_0116_0280_0280.jpg 1 178 116 280 280
0380_0124_0136_0262_0262.jpg 1 124 136 262 262
0381_0124_0258_0137_0137.jpg 1 124 258 137 137
0382_0166_0050_0292_0292.jpg 1 166 50 292 292
0383_0254_0251_0081_0081.jpg 1 254 251 81 81
0384_0159_0314_0129_0129.jpg 1 159 314 129 129
0385_0240_0047_0088_0088.jpg 1 240 47 88 88
0386_0197_0054_0275_0275.jpg 1 197 54 275 275
0387_0099_0140_0310_0310.jpg 1 99 140 310 310
0388_0219_0148_0218_0218.jpg 1 219 148 218 218
0389_0139_0181_0066_0066.jpg 1 139 181 66 66
0390_0273_0339_0081_0081.jpg 1 273 339 81 81
0391_0165_0264_0094_0094.jpg 1 165 264 94 94
0392_0340_0175_0082_0082.jpg 1 340 175 82 82
0393_0079_0280_0073_0073.jpg 1 79 280 73 73
0394_0105_0047_0080_0080.jpg 1 105 47 80 80
0395_0251_0082_0193_0193.jpg 1 251 82 193 193
0396_0131_0084_0115_0115.jpg 1 131 84 115 115
0397_0261_0164_0150_0150.jpg 1 261 164 150 150
0398_0118_0120_0330_0330.jpg 1 118 120 330 330
0399_0033_0116_0337_0337.jpg 1 33 116 337 337
0400_0123_0046_0319_0319.jpg 1 123 46 319 319
0401_0141_0117_0304_0304.jpg 1 141 117 304 304
0402_0178_0195_0250_0250.jpg 1 178 195 250 250
0403_0287_0334_0064_0064.jpg 1 287 334 64 64
0404_0307_0150_0081_0081.jpg 1 307 150 81 81
0405_0116_0069_0176_0176.jpg 1 116 69 176 176
0406_0089_0167_0231_0231.jpg 1 89 167 231 231
0407_0111_0081_0245_0245.jpg 1 111 81 245 245
0408_0239_0246_0140_0140.jpg 1 239 246 140 140
0409_0163_0119_0155_0155.jpg 1 163 119 155 155
0410_0281_0268_0139_0139.jpg 1 281 268 139 139
0411_0225_0068_0239_0239.jpg 1 225 68 239 239
0412_0272_0169_0182_0182.jpg 1 272 169 182 182
0413_0066_0084_0156_0156.jpg 1 66 84 156 156
0414_0092_0051_0273_0273.jpg 1 92 51 273 273
0415_0082_0147_0325_0325.jpg 1 82 147 325 325
0416_0094_0131_0212_0212.jpg 1 94 131 212 212
0417_0102_0034_0332_0332.jpg 1 102 34 332 332
0418_0355_0133_0092_0092.jpg 1 355 133 92 92
0419_0111_0169_0216_0216.jpg 1 111 169 216 216
0420_0047_0117_0344_0344.jpg 1 47 117 344 344
0421_0045_0068_0300_0300.jpg 1 45 68 300 300
0422_0284_0300_0118_0118.jpg 1 284 300 118 118
0423_0092_0284_0182_0182.jpg 1 92 284 182 182
0424_0035_0138_0201_0201.jpg 1 35 138 201 201
0425_0339_0208_0091_0091.jpg 1 339 208 91 91
0426_0127_0191_0267_0267.jpg 1 127 191 267 267
0427_0159_0110_0265_0265.jpg 1 159 110 265 265
0428_0121_0228_0179_0179.jpg 1 121 228 179 179
0429_0073_0107_0275_0275.jpg 1 73 107 275 275
0430_0125_0140_0224_0224.jpg 1 125 140 224 224
0431_0347_0234_0070_0070.jpg 1 347 234 70 70
0432_0110_0192_0268_0268.jpg 1 110 192 268 268
0433_0171_0131_0138_0138.jpg 1 171 131 138 138
0434_0101_0066_0319_0319.jpg 1 101 66 319 319
0435_0133_0041_0159_0159.jpg 1 133 41 159 159
0436_0226_0261_0155_0155.jpg 1 226 261 155 155
0437_0326_0080_0127_0127.jpg 1 326 80 127 127
0438_0073_0197_0231_0231.jpg 1 73 197 231 231
0439_0204_0235_0137_0137.jpg 1 204 235 137 137
0440_0069_0031_0266_0266.jpg 1 69 31 266 266
0441_0217_0154_0246_0246.jpg 1 217 154 246 246
0442_0142_0134_0118_0118.jpg 1 142 134 118 118
0443_0094_0101_0247_0247.jpg 1 94 101 247 247
0444_0045_0097_0310_0310.jpg 1 45 97 310 310
0445_0271_0253_0170_0170.jpg 1 271 253 170 170
0446_0216_0338_0092_0092.jpg 1 216 338 92 92
0447_0198_0129_0189_0189.jpg 1 198 129 189 189
0448_0147_0126_0334_0334.jpg 1 147 126 334 334
0449_0128_0168_0191_0191.jpg 1 128 168 191 191
0450_0190_0105_0140_0140.jpg 1 190 105 140 140
0451_0138_0300_0150_0150.jpg 1 138 300 150 150
0452_0145_0035_0262_0262.jpg 1 145 35 262 262
0453_0050_0116_0100_0100.jpg 1 50 116 100 100
0454_0155_0215_0158_0158.jpg 1 155 215 158 158
0455_0116_0141_0342_0342.jpg 1 116 141 342 342
0456_0134_0212_0176_0176.jpg 1 134 212 176 176
0457_0205_0083_0139_0139.jpg 1 205 83 139 139
0458_0050_0085_0342_0342.jpg 1 50 85 342 342
0459_0293_0170_0150_0150.jpg 1 293 170 150 150
0460_0351_0244_0109_0109.jpg 1 351 244 109 109
0461_0098_0223_0224_0224.jpg 1 98 223 224 224
0462_0148_0095_0150_0150.jpg 1 148 95 150 150
0463_0146_0109_0336_0336.jpg 1 146 109 336 336
0464_0206_0060_0155_0155.jpg 1 206 60 155 155
0465_0271_0293_0134_0134.jpg 1 271 293 134 134
0466_0172_0195_0207_0207.jpg 1 172 195 207 207
0467_0174_0178_0301_0301.jpg 1 174 178 301 301
0468_0358_0059_0091_0091.jpg 1 358 59 91 91
0469_0159_0074_0272_0272.jpg 1 159 74 272 272
0470_0094_0098_0190_0190.jpg 1 94 98 190 190
0471_0215_0081_0226_0226.jpg 1 215 81 226 226
0472_0365_0089_0082_0082.jpg 1 365 89 82 82
0473_0158_0147_0262_0262.jpg 1 158 147 262 262
0474_0060_0197_0053_0053.jpg 1 60 197 53 53
0475_0215_0038_0172_0172.jpg 1 215 38 172 172
0476_0173_0064_0117_0117.jpg 1 173 64 117 117
0477_0120_0154_0311_0311.jpg 1 120 154 311 311
0478_0131_0096_0204_0204.jpg 1 131 96 204 204
0479_0060_0048_0311_0311.jpg 1 60 48 311 311
0480_0052_0031_0268_0268.jpg 1 52 31 268 268
0481_0046_0199_0131_0131.jpg 1 46 199 131 131
0482_0122_0242_0125_0125.jpg 1 122 242 125 125
0483_0025_0037_0337_0337.jpg 1 25 37 337 337
0484_0228_0226_0238_0238.jpg 1 228 226 238 238
0485_0059_0082_0180_0180.jpg 1 59 82 180 180
0486_0383_0130_0064_0064.jpg 1 383 130 64 64
0487_0099_0108_0233_0233.jpg 1 99 108 233 233
0488_0037_0116_0290_0290.jpg 1 37 116 290 290
0489_0071_0156_0278_0278.jpg 1 71 156 278 278
0490_0128_0041_0290_0290.jpg 1 128 41 290 290
0491_0022_0040_0345_0345.jpg 1 22 40 345 345
0492_0224_0200_0237_0237.jpg 1 224 200 237 237
0493_0282_0266_0155_0155.jpg 1 282 266 155 155
0494_0197_0083_0236_0236.jpg 1 197 83 236 236
0495_0121_0098_0168_0168.jpg 1 121 98 168 168
0496_0202_0188_0054_0054.jpg 1 202 188 54 54
0497_0341_0289_0094_0094.jpg 1 341 289 94 94
0498_0368_0044_0077_0077.jpg 1 368 44 77 77
0499_0079_0138_0302_0302.jpg 1 79 138 302 302
0500_0362_0345_0061_0061.jpg 1 362 345 61 61
0501_0094_0170_0213_0213.jpg 1 94 170 213 213
0502_0078_0078_0081_0081.jpg 1 78 78 81 81
0503_0226_0186_0108_0108.jpg 1 226 186 108 108
0504_0166_0121_0248_0248.jpg 1 166 121 248 248
0505_0148_0203_0265_0265.jpg 1 148 203 265 265
0506_0150_0231_0231_0231.jpg 1 150 231 231 231
0507_0139_0086_0280_0280.jpg 1 139 86 280 280
0508_0154_0280_0055_0055.jpg 1 154 280 55 55
0509_0182_0085_0187_0187.jpg 1 182 85 187 187
0510_0207_0207_0126_0126.jpg 1 207 207 126 126
0511_0028_0130_0345_0345.jpg 1 28 130 345 345
0512_0145_0063_0294_0294.jpg 1 145 63 294 294
0513_0119_0023_0302_0302.jpg 1 119 23 302 302
0514_0141_0155_0255_0255.jpg 1 141 155 255 255
0515_0213_0103_0170_0170.jpg 1 213 103 170 170
0516_0265_0166_0186_0186.jpg 1 265 166 186 186
0517_0125_0164_0225_0225.jpg 1 125 164 225 225
0518_0162_0137_0112_0112.jpg 1 162 137 112 112
0519_0295_0035_0153_0153.jpg 1 295 35 153 153
0520_0347_0224_0091_0091.jpg 1 347 224 91 91
0521_0097_0221_0215_0215.jpg 1 97 221 215 215
0522_0031_0094_0338_0338.jpg 1 31 94 338 338
0523_0100_0096_0330_0330.jpg 1 100 96 330 330
0524_0174_0112_0186_0186.jpg 1 174 112 186 186
0525_0207_0165_0083_0083.jpg 1 207 165 83 83
0526_0232_0176_0097_0097.jpg 1 232 176 97 97
0527_0075_0024_0303_0303.jpg 1 75 24 303 303
0528_0132_0191_0197_0197.jpg 1 132 191 197 197
0529_0171_0066_0136_0136.jpg 1 171 66 136 136
0530_0173_0094_0221_0221.jpg 1 173 94 221 221
0531_0371_0080_0082_0082.jpg 1 371 80 82 82
0532_0040_0206_0198_0198.jpg 1 40 206 198 198
0533_0069_0034_0308_0308.jpg 1 69 34 308 308
0534_0127_0091_0287_0287.jpg 1 127 91 287 287
0535_0029_0119_0343_0343.jpg 1 29 119 343 343
0536_0150_0191_0191_0191.jpg 1 150 191 191 191
0537_0297_0126_0058_0058.jpg 1 297 126 58 58
0538_0257_0238_0165_0165.jpg 1 257 238 165 165
0539_0022_0034_0293_0293.jpg 1 22 34 293 293
0540_0108_0132_0318_0318.jpg 1 108 132 318 318
0541_0152_0138_0113_0113.jpg 1 152 138 113 113
0542_0135_0036_0169_0169.jpg 1 135 36 169 169
0543_0237_0035_0156_0156.jpg 1 237 35 156 156
0544_0207_0225_0212_0212.jpg 1 207 225 212 212
0545_0103_0291_0069_0069.jpg 1 103 291 69 69
0546_0178_0229_0242_0242.jpg 1 178 229 242 242
0547_0142_0246_0051_0051.jpg 1 142 246 51 51
0548_0171_0182_0212_0212.jpg 1 171 182 212 212
0549_0171_0111_0265_0265.jpg 1 171 111 265 265
0550_0054_0152_0211_0211.jpg 1 54 152 211 211
0551_0148_0098_0122_0122.jpg 1 148 98 122 122
0552_0043_0318_0120_0120.jpg 1 43 318 120 120
0553_0127_0067_0289_0289.jpg 1 127 67 289 289
0554_0025_0077_0276_0276.jpg 1 25 77 276 276
0555_0255_0297_0081_0081.jpg 1 255 297 81 81
0556_0060_0231_0148_0148.jpg 1 60 231 148 148
0557_0064_0188_0259_0259.jpg 1 64 188 259 259
0558_0239_0236_0218_0218.jpg 1 239 236 218 218
0559_0044_0222_0223_0223.jpg 1 44 222 223 223
0560_0158_0250_0139_0139.jpg 1 158 250 139 139
0561_0207_0170_0227_0227.jpg 1 207 170 227 227
0562_0066_0045_0218_0218.jpg 1 66 45 218 218
0563_0251_0057_0155_0155.jpg 1 251 57 155 155
0564_0147_0197_0072_0072.jpg 1 147 197 72 72
0565_0117_0181_0237_0237.jpg 1 117 181 237 237
0566_0289_0151_0147_0147.jpg 1 289 151 147 147
0567_0114_0140_0264_0264.jpg 1 114 140 264 264
0568_0045_0077_0323_0323.jpg 1 45 77 323 323
0569_0075_0213_0239_0239.jpg 1 75 213 239 239
0570_0085_0204_0246_0246.jpg 1 85 204 246 246
0571_0172_0112_0304_0304.jpg 1 172 112 304 304
0572_0137_0143_0161_0161.jpg 1 137 143 161 161
0573_0067_0117_0324_0324.jpg 1 67 117 324 324
0574_0071_0081_0209_0209.jpg 1 71 81 209 209
0575_0064_0237_0198_0198.jpg 1 64 237 198 198
0576_0195_0244_0053_0053.jpg 1 195 244 53 53
0577_0160_0299_0106_0106.jpg 1 160 299 106 106
0578_0268_0143_0187_0187.jpg 1 268 143 187 187
0579_0121_0060_0264_0264.jpg 1 121 60 264 264
0580_0107_0056_0256_0256.jpg 1 107 56 256 256
0581_0246_0065_0213_0213.jpg 1 246 65 213 213
0582_0167_0141_0184_0184.jpg 1 167 141 184 184
0583_0102_0093_0208_0208.jpg 1 102 93 208 208
0584_0050_0140_0287_0287.jpg 1 50 140 287 287
0585_0204_0111_0258_0258.jpg 1 204 111 258 258
0586_0321_0242_0135_0135.jpg 1 321 242 135 135
0587_0128_0056_0056_0056.jpg 1 128 56 56 56
0588_0128_0215_0148_0148.jpg 1 128 215 148 148
0589_0152_0074_0185_0185.jpg 1 152 74 185 185
0590_0304_0056_0074_0074.jpg 1 304 56 74 74
0591_0172_0182_0251_0251.jpg 1 172 182 251 251
0592_0099_0118_0254_0254.jpg 1 99 118 254 254
0593_0205_0200_0079_0079.jpg 1 205 200 79 79
0594_0322_0327_0124_0124.jpg 1 322 327 124 124
0595_0129_0183_0239_0239.jpg 1 129 183 239 239
0596_0239_0219_0114_0114.jpg 1 239 219 114 114
0597_0200_0338_0076_0076.jpg 1 200 338 76 76
0598_0065_0061_0323_0323.jpg 1 65 61 323 323
0599_0230_0122_0112_0112.jpg 1 230 122 112 112
0600_0040_0075_0286_0286.jpg 1 40 75 286 286
